[{"line":2,"elements":[{"line":5,"name":"","description":"","type":"background","keyword":"Background","steps":[{"result":{"duration":1002300,"status":"passed"},"before":[{"result":{"duration":8750400,"status":"passed"},"match":{"location":"Hooks.MyHooks.set()"}}],"line":6,"name":"User navigates to Login page","match":{"location":"stepDefinitions.Login.user_navigates_to_login_page()"},"keyword":"Given "}]},{"start_timestamp":"2023-09-04T19:48:34.187Z","before":[{"result":{"duration":7522683300,"status":"passed"},"match":{"location":"Hooks.MyHooks.setup()"}}],"line":16,"name":"Login with valid credentials","description":"","id":"user-login;login-with-valid-credentials;;2","after":[{"result":{"duration":566996100,"status":"passed"},"match":{"location":"Hooks.MyHooks.tearDown()"}}],"type":"scenario","keyword":"Scenario Outline","steps":[{"result":{"error_message":"java.lang.NullPointerException: Cannot invoke \"org.openqa.selenium.WebDriver.findElement(org.openqa.selenium.By)\" because \"this.driver\" is null\r\n\tat stepDefinitions.Login.user_enters_valid_username(Login.java:20)\r\n\tat ✽.User enters valid username shankhwarsumit(file:///C:/Users/dell/eclipse-workspace/YourStore/src/test/resource/features/Login.feature:10)\r\n","duration":8377100,"status":"failed"},"before":[{"result":{"duration":6588800,"status":"passed"},"match":{"location":"Hooks.MyHooks.set()"}}],"line":10,"name":"User enters valid username shankhwarsumit","match":{"arguments":[{"val":"shankhwarsumit","offset":27}],"location":"stepDefinitions.Login.user_enters_valid_username(java.lang.String)"},"keyword":"When "},{"result":{"status":"skipped"},"before":[{"result":{"status":"skipped"},"match":{"location":"Hooks.MyHooks.set()"}}],"line":11,"name":"Enter Valid password 123456","match":{"arguments":[{"val":"123456","offset":21}],"location":"stepDefinitions.Login.enter_valid_password(java.lang.String)"},"keyword":"And "},{"result":{"status":"skipped"},"before":[{"result":{"status":"skipped"},"match":{"location":"Hooks.MyHooks.set()"}}],"line":12,"name":"clicks on Login button","match":{"location":"stepDefinitions.Login.clicks_on_login_button()"},"keyword":"And "},{"result":{"status":"skipped"},"before":[{"result":{"status":"skipped"},"match":{"location":"Hooks.MyHooks.set()"}}],"line":13,"name":"User should get navigated to overview page","match":{"location":"stepDefinitions.Login.user_should_get_navigated_to_overview_page()"},"keyword":"Then "}],"tags":[{"name":"@all"},{"name":"@login"},{"name":"@validcredentials"},{"name":"@all"},{"name":"@smoke"},{"name":"@regression"}]},{"line":5,"name":"","description":"","type":"background","keyword":"Background","steps":[{"result":{"duration":499600,"status":"passed"},"before":[{"result":{"duration":6725300,"status":"passed"},"match":{"location":"Hooks.MyHooks.set()"}}],"line":6,"name":"User navigates to Login page","match":{"location":"stepDefinitions.Login.user_navigates_to_login_page()"},"keyword":"Given "}]},{"start_timestamp":"2023-09-04T19:48:42.350Z","before":[{"result":{"duration":6013331500,"status":"passed"},"match":{"location":"Hooks.MyHooks.setup()"}}],"line":17,"name":"Login with valid credentials","description":"","id":"user-login;login-with-valid-credentials;;3","after":[{"result":{"duration":626965000,"status":"passed"},"match":{"location":"Hooks.MyHooks.tearDown()"}}],"type":"scenario","keyword":"Scenario Outline","steps":[{"result":{"error_message":"java.lang.NullPointerException: Cannot invoke \"org.openqa.selenium.WebDriver.findElement(org.openqa.selenium.By)\" because \"this.driver\" is null\r\n\tat stepDefinitions.Login.user_enters_valid_username(Login.java:20)\r\n\tat ✽.User enters valid username nehakhurana(file:///C:/Users/dell/eclipse-workspace/YourStore/src/test/resource/features/Login.feature:10)\r\n","duration":2072900,"status":"failed"},"before":[{"result":{"duration":5659900,"status":"passed"},"match":{"location":"Hooks.MyHooks.set()"}}],"line":10,"name":"User enters valid username nehakhurana","match":{"arguments":[{"val":"nehakhurana","offset":27}],"location":"stepDefinitions.Login.user_enters_valid_username(java.lang.String)"},"keyword":"When "},{"result":{"status":"skipped"},"before":[{"result":{"duration":519100,"status":"skipped"},"match":{"location":"Hooks.MyHooks.set()"}}],"line":11,"name":"Enter Valid password 12345","match":{"arguments":[{"val":"12345","offset":21}],"location":"stepDefinitions.Login.enter_valid_password(java.lang.String)"},"keyword":"And "},{"result":{"status":"skipped"},"before":[{"result":{"status":"skipped"},"match":{"location":"Hooks.MyHooks.set()"}}],"line":12,"name":"clicks on Login button","match":{"location":"stepDefinitions.Login.clicks_on_login_button()"},"keyword":"And "},{"result":{"duration":1155700,"status":"skipped"},"before":[{"result":{"status":"skipped"},"match":{"location":"Hooks.MyHooks.set()"}}],"line":13,"name":"User should get navigated to overview page","match":{"location":"stepDefinitions.Login.user_should_get_navigated_to_overview_page()"},"keyword":"Then "}],"tags":[{"name":"@all"},{"name":"@login"},{"name":"@validcredentials"},{"name":"@all"},{"name":"@smoke"},{"name":"@regression"}]},{"line":5,"name":"","description":"","type":"background","keyword":"Background","steps":[{"result":{"duration":495900,"status":"passed"},"before":[{"result":{"duration":6682000,"status":"passed"},"match":{"location":"Hooks.MyHooks.set()"}}],"line":6,"name":"User navigates to Login page","match":{"location":"stepDefinitions.Login.user_navigates_to_login_page()"},"keyword":"Given "}]},{"start_timestamp":"2023-09-04T19:48:49.032Z","before":[{"result":{"duration":5523572400,"status":"passed"},"match":{"location":"Hooks.MyHooks.setup()"}}],"line":20,"name":"Login with invalid credentials","description":"","id":"user-login;login-with-invalid-credentials","after":[{"result":{"duration":468224700,"status":"passed"},"match":{"location":"Hooks.MyHooks.tearDown()"}}],"type":"scenario","keyword":"Scenario","steps":[{"result":{"error_message":"java.lang.NullPointerException: Cannot invoke \"org.openqa.selenium.WebDriver.findElement(org.openqa.selenium.By)\" because \"this.driver\" is null\r\n\tat stepDefinitions.Login.user_enters_invalid_username(Login.java:42)\r\n\tat ✽.User enters invalid username \"shankjh\"(file:///C:/Users/dell/eclipse-workspace/YourStore/src/test/resource/features/Login.feature:21)\r\n","duration":2168700,"status":"failed"},"before":[{"result":{"duration":9114900,"status":"passed"},"match":{"location":"Hooks.MyHooks.set()"}}],"line":21,"name":"User enters invalid username \"shankjh\"","match":{"arguments":[{"val":"\"shankjh\"","offset":29}],"location":"stepDefinitions.Login.user_enters_invalid_username(java.lang.String)"},"keyword":"When "},{"result":{"status":"skipped"},"before":[{"result":{"status":"skipped"},"match":{"location":"Hooks.MyHooks.set()"}}],"line":22,"name":"Enter invalid password \"1234567890\"","match":{"arguments":[{"val":"\"1234567890\"","offset":23}],"location":"stepDefinitions.Login.enter_invalid_password(java.lang.String)"},"keyword":"And "},{"result":{"status":"skipped"},"before":[{"result":{"status":"skipped"},"match":{"location":"Hooks.MyHooks.set()"}}],"line":23,"name":"clicks on Login button","match":{"location":"stepDefinitions.Login.clicks_on_login_button()"},"keyword":"And "},{"result":{"duration":362600,"status":"skipped"},"before":[{"result":{"status":"skipped"},"match":{"location":"Hooks.MyHooks.set()"}}],"line":24,"name":"User should get a proper warning message","match":{"location":"stepDefinitions.Login.user_should_get_a_proper_warning_message()"},"keyword":"Then "}],"tags":[{"name":"@all"},{"name":"@login"},{"name":"@invalidcredentials"},{"name":"@all"},{"name":"@regression"}]},{"line":5,"name":"","description":"","type":"background","keyword":"Background","steps":[{"result":{"status":"passed"},"before":[{"result":{"duration":6350700,"status":"passed"},"match":{"location":"Hooks.MyHooks.set()"}}],"line":6,"name":"User navigates to Login page","match":{"location":"stepDefinitions.Login.user_navigates_to_login_page()"},"keyword":"Given "}]},{"start_timestamp":"2023-09-04T19:48:55.061Z","before":[{"result":{"duration":5354866300,"status":"passed"},"match":{"location":"Hooks.MyHooks.setup()"}}],"line":28,"name":"Login with valid username and invalid password","description":"","id":"user-login;login-with-valid-username-and-invalid-password","after":[{"result":{"duration":462582300,"status":"passed"},"match":{"location":"Hooks.MyHooks.tearDown()"}}],"type":"scenario","keyword":"Scenario","steps":[{"result":{"error_message":"java.lang.NullPointerException: Cannot invoke \"org.openqa.selenium.WebDriver.findElement(org.openqa.selenium.By)\" because \"this.driver\" is null\r\n\tat stepDefinitions.Login.user_enters_valid_username(Login.java:20)\r\n\tat ✽.User enters valid username \"shankhwarsumit\"(file:///C:/Users/dell/eclipse-workspace/YourStore/src/test/resource/features/Login.feature:29)\r\n","duration":1223100,"status":"failed"},"before":[{"result":{"duration":12746600,"status":"passed"},"match":{"location":"Hooks.MyHooks.set()"}}],"line":29,"name":"User enters valid username \"shankhwarsumit\"","match":{"arguments":[{"val":"\"shankhwarsumit\"","offset":27}],"location":"stepDefinitions.Login.user_enters_valid_username(java.lang.String)"},"keyword":"When "},{"result":{"status":"skipped"},"before":[{"result":{"status":"skipped"},"match":{"location":"Hooks.MyHooks.set()"}}],"line":30,"name":"Enter invalid password \"1234567890\"","match":{"arguments":[{"val":"\"1234567890\"","offset":23}],"location":"stepDefinitions.Login.enter_invalid_password(java.lang.String)"},"keyword":"And "},{"result":{"duration":292900,"status":"skipped"},"before":[{"result":{"duration":417700,"status":"skipped"},"match":{"location":"Hooks.MyHooks.set()"}}],"line":31,"name":"clicks on Login button","match":{"location":"stepDefinitions.Login.clicks_on_login_button()"},"keyword":"And "},{"result":{"status":"skipped"},"before":[{"result":{"status":"skipped"},"match":{"location":"Hooks.MyHooks.set()"}}],"line":32,"name":"User should get a proper warning message","match":{"location":"stepDefinitions.Login.user_should_get_a_proper_warning_message()"},"keyword":"Then "}],"tags":[{"name":"@all"},{"name":"@login"},{"name":"@validusernameandinvalidpasswprd"},{"name":"@all"},{"name":"@regression"}]},{"line":5,"name":"","description":"","type":"background","keyword":"Background","steps":[{"result":{"status":"passed"},"before":[{"result":{"duration":6408000,"status":"passed"},"match":{"location":"Hooks.MyHooks.set()"}}],"line":6,"name":"User navigates to Login page","match":{"location":"stepDefinitions.Login.user_navigates_to_login_page()"},"keyword":"Given "}]},{"start_timestamp":"2023-09-04T19:49:00.912Z","before":[{"result":{"duration":5008757400,"status":"passed"},"match":{"location":"Hooks.MyHooks.setup()"}}],"line":35,"name":"Login with invalid username and valid password","description":"","id":"user-login;login-with-invalid-username-and-valid-password","after":[{"result":{"duration":372313000,"status":"passed"},"match":{"location":"Hooks.MyHooks.tearDown()"}}],"type":"scenario","keyword":"Scenario","steps":[{"result":{"error_message":"java.lang.NullPointerException: Cannot invoke \"org.openqa.selenium.WebDriver.findElement(org.openqa.selenium.By)\" because \"this.driver\" is null\r\n\tat stepDefinitions.Login.user_enters_invalid_username(Login.java:42)\r\n\tat ✽.User enters invalid username \"shankhwarsu\"(file:///C:/Users/dell/eclipse-workspace/YourStore/src/test/resource/features/Login.feature:36)\r\n","duration":1018700,"status":"failed"},"before":[{"result":{"duration":4099900,"status":"passed"},"match":{"location":"Hooks.MyHooks.set()"}}],"line":36,"name":"User enters invalid username \"shankhwarsu\"","match":{"arguments":[{"val":"\"shankhwarsu\"","offset":29}],"location":"stepDefinitions.Login.user_enters_invalid_username(java.lang.String)"},"keyword":"When "},{"result":{"status":"skipped"},"before":[{"result":{"status":"skipped"},"match":{"location":"Hooks.MyHooks.set()"}}],"line":37,"name":"Enter Valid password \"123456\"","match":{"arguments":[{"val":"\"123456\"","offset":21}],"location":"stepDefinitions.Login.enter_valid_password(java.lang.String)"},"keyword":"And "},{"result":{"status":"skipped"},"before":[{"result":{"duration":499600,"status":"skipped"},"match":{"location":"Hooks.MyHooks.set()"}}],"line":38,"name":"clicks on Login button","match":{"location":"stepDefinitions.Login.clicks_on_login_button()"},"keyword":"And "},{"result":{"status":"skipped"},"before":[{"result":{"status":"skipped"},"match":{"location":"Hooks.MyHooks.set()"}}],"line":39,"name":"User should get a proper warning message","match":{"location":"stepDefinitions.Login.user_should_get_a_proper_warning_message()"},"keyword":"Then "}],"tags":[{"name":"@all"},{"name":"@login"},{"name":"@invalidusernameandvalidpasswprd"},{"name":"@all"},{"name":"@regression"}]},{"line":5,"name":"","description":"","type":"background","keyword":"Background","steps":[{"result":{"status":"passed"},"before":[{"result":{"duration":5458900,"status":"passed"},"match":{"location":"Hooks.MyHooks.set()"}}],"line":6,"name":"User navigates to Login page","match":{"location":"stepDefinitions.Login.user_navigates_to_login_page()"},"keyword":"Given "}]},{"start_timestamp":"2023-09-04T19:49:06.378Z","before":[{"result":{"duration":3521137100,"status":"passed"},"match":{"location":"Hooks.MyHooks.setup()"}}],"line":42,"name":"Login without providing any credentials","description":"","id":"user-login;login-without-providing-any-credentials","after":[{"result":{"duration":375693600,"status":"passed"},"match":{"location":"Hooks.MyHooks.tearDown()"}}],"type":"scenario","keyword":"Scenario","steps":[{"result":{"error_message":"java.lang.NullPointerException: Cannot invoke \"org.openqa.selenium.WebDriver.findElement(org.openqa.selenium.By)\" because \"this.driver\" is null\r\n\tat stepDefinitions.Login.User_dont_enter_username_into_username_field(Login.java:58)\r\n\tat ✽.User dont enter username into username field(file:///C:/Users/dell/eclipse-workspace/YourStore/src/test/resource/features/Login.feature:43)\r\n","duration":2012100,"status":"failed"},"before":[{"result":{"duration":6924500,"status":"passed"},"match":{"location":"Hooks.MyHooks.set()"}}],"line":43,"name":"User dont enter username into username field","match":{"location":"stepDefinitions.Login.User_dont_enter_username_into_username_field()"},"keyword":"When "},{"result":{"status":"skipped"},"before":[{"result":{"status":"skipped"},"match":{"location":"Hooks.MyHooks.set()"}}],"line":44,"name":"User dont enter password into password field","match":{},"keyword":"And "},{"result":{"status":"skipped"},"before":[{"result":{"status":"skipped"},"match":{"location":"Hooks.MyHooks.set()"}}],"line":45,"name":"User should get a proper warning message","match":{"location":"stepDefinitions.Login.user_should_get_a_proper_warning_message()"},"keyword":"Then "}],"tags":[{"name":"@all"},{"name":"@login"},{"name":"@noncredentials"},{"name":"@all"},{"name":"@regression"}]}],"name":"User Login","description":"","id":"user-login","keyword":"Feature","uri":"file:src/test/resource/features/Login.feature","tags":[{"name":"@all","type":"Tag","location":{"line":1,"column":1}}]},{"line":2,"elements":[{"line":4,"name":"","description":"","type":"background","keyword":"Background","steps":[{"result":{"duration":3282242200,"status":"passed"},"before":[{"result":{"duration":4756500,"status":"passed"},"match":{"location":"Hooks.MyHooks.set()"}}],"line":5,"name":"User navigated to Register Account page","match":{"location":"stepDefinitions.Register.user_navigated_to_register_account_page()"},"keyword":"Given "}]},{"start_timestamp":"2023-09-04T19:49:10.308Z","before":[{"result":{"duration":3710991800,"status":"passed"},"match":{"location":"Hooks.MyHooks.setup()"}}],"line":8,"name":"Register with all fields","description":"","id":"user-registration;register-with-all-fields","after":[{"result":{"duration":509800400,"status":"passed"},"match":{"location":"Hooks.MyHooks.tearDown()"}}],"type":"scenario","keyword":"Scenario","steps":[{"result":{"duration":103625800,"status":"passed"},"before":[{"result":{"duration":5696800,"status":"passed"},"match":{"location":"Hooks.MyHooks.set()"}}],"line":9,"name":"User enters firstname \"Ram\" into the First Name field","match":{"arguments":[{"val":"\"Ram\"","offset":22}],"location":"stepDefinitions.Register.user_enters_firstname_into_the_first_name_field(java.lang.String)"},"keyword":"When "},{"result":{"duration":63684700,"status":"passed"},"before":[{"result":{"duration":1961000,"status":"passed"},"match":{"location":"Hooks.MyHooks.set()"}}],"line":10,"name":"Enters lastname \"Narayan\" into the lastname field","match":{"arguments":[{"val":"\"Narayan\"","offset":16}],"location":"stepDefinitions.Register.enters_lastname_into_the_lastname_field(java.lang.String)"},"keyword":"And "},{"result":{"duration":66104100,"status":"passed"},"before":[{"result":{"duration":3666500,"status":"passed"},"match":{"location":"Hooks.MyHooks.set()"}}],"line":11,"name":"Enters Address \"gomtinagar\" into Address field","match":{"arguments":[{"val":"\"gomtinagar\"","offset":15}],"location":"stepDefinitions.Register.enters_address_into_address_field(java.lang.String)"},"keyword":"And "},{"result":{"duration":57312400,"status":"passed"},"before":[{"result":{"duration":3004300,"status":"passed"},"match":{"location":"Hooks.MyHooks.set()"}}],"line":12,"name":"Enters city \"Lucknow\" into city field","match":{"arguments":[{"val":"\"Lucknow\"","offset":12}],"location":"stepDefinitions.Register.enters_city_into_the_city_field(java.lang.String)"},"keyword":"And "},{"result":{"duration":53007700,"status":"passed"},"before":[{"result":{"duration":1998200,"status":"passed"},"match":{"location":"Hooks.MyHooks.set()"}}],"line":13,"name":"Enters State \"Uttar pradesh\" into the State field","match":{"arguments":[{"val":"\"Uttar pradesh\"","offset":13}],"location":"stepDefinitions.Register.enters_state_into_the_state_field(java.lang.String)"},"keyword":"And "},{"result":{"error_message":"io.cucumber.core.exception.CucumberException: Could not invoke step [Enters Zipcode {int} into the Zipcode field] defined at 'stepDefinitions.Register.enters_zipcode_into_the_zipcode_field(java.lang.String)'.\nIt appears there was a problem with the step definition.\nThe converted arguments types were (java.lang.Integer)\r\n\tat io.cucumber.core.runner.PickleStepDefinitionMatch.couldNotInvokeStep(PickleStepDefinitionMatch.java:130)\r\n\tat io.cucumber.core.runner.PickleStepDefinitionMatch.runStep(PickleStepDefinitionMatch.java:65)\r\n\tat io.cucumber.core.runner.ExecutionMode$1.execute(ExecutionMode.java:10)\r\n\tat io.cucumber.core.runner.TestStep.executeStep(TestStep.java:84)\r\n\tat io.cucumber.core.runner.TestStep.run(TestStep.java:56)\r\n\tat io.cucumber.core.runner.PickleStepTestStep.run(PickleStepTestStep.java:51)\r\n\tat io.cucumber.core.runner.TestCase.run(TestCase.java:84)\r\n\tat io.cucumber.core.runner.Runner.runPickle(Runner.java:75)\r\n\tat io.cucumber.testng.TestNGCucumberRunner.lambda$runScenario$1(TestNGCucumberRunner.java:132)\r\n\tat io.cucumber.core.runtime.CucumberExecutionContext.lambda$runTestCase$5(CucumberExecutionContext.java:137)\r\n\tat io.cucumber.core.runtime.RethrowingThrowableCollector.executeAndThrow(RethrowingThrowableCollector.java:23)\r\n\tat io.cucumber.core.runtime.CucumberExecutionContext.runTestCase(CucumberExecutionContext.java:137)\r\n\tat io.cucumber.testng.TestNGCucumberRunner.runScenario(TestNGCucumberRunner.java:129)\r\n\tat io.cucumber.testng.AbstractTestNGCucumberTests.runScenario(AbstractTestNGCucumberTests.java:35)\r\n\tat java.base/jdk.internal.reflect.DirectMethodHandleAccessor.invoke(DirectMethodHandleAccessor.java:104)\r\n\tat java.base/java.lang.reflect.Method.invoke(Method.java:578)\r\n\tat org.testng.internal.invokers.MethodInvocationHelper.invokeMethod(MethodInvocationHelper.java:139)\r\n\tat org.testng.internal.invokers.TestInvoker.invokeMethod(TestInvoker.java:664)\r\n\tat org.testng.internal.invokers.TestInvoker.invokeTestMethod(TestInvoker.java:227)\r\n\tat org.testng.internal.invokers.MethodRunner.runInSequence(MethodRunner.java:50)\r\n\tat org.testng.internal.invokers.TestInvoker$MethodInvocationAgent.invoke(TestInvoker.java:957)\r\n\tat org.testng.internal.invokers.TestInvoker.invokeTestMethods(TestInvoker.java:200)\r\n\tat org.testng.internal.invokers.TestMethodWorker.invokeTestMethods(TestMethodWorker.java:148)\r\n\tat org.testng.internal.invokers.TestMethodWorker.run(TestMethodWorker.java:128)\r\n\tat java.base/java.util.ArrayList.forEach(ArrayList.java:1511)\r\n\tat org.testng.TestRunner.privateRun(TestRunner.java:848)\r\n\tat org.testng.TestRunner.run(TestRunner.java:621)\r\n\tat org.testng.SuiteRunner.runTest(SuiteRunner.java:443)\r\n\tat org.testng.SuiteRunner.runSequentially(SuiteRunner.java:437)\r\n\tat org.testng.SuiteRunner.privateRun(SuiteRunner.java:397)\r\n\tat org.testng.SuiteRunner.run(SuiteRunner.java:336)\r\n\tat org.testng.SuiteRunnerWorker.runSuite(SuiteRunnerWorker.java:52)\r\n\tat org.testng.SuiteRunnerWorker.run(SuiteRunnerWorker.java:95)\r\n\tat org.testng.TestNG.runSuitesSequentially(TestNG.java:1280)\r\n\tat org.testng.TestNG.runSuitesLocally(TestNG.java:1200)\r\n\tat org.testng.TestNG.runSuites(TestNG.java:1114)\r\n\tat org.testng.TestNG.run(TestNG.java:1082)\r\n\tat org.testng.remote.AbstractRemoteTestNG.run(AbstractRemoteTestNG.java:115)\r\n\tat org.testng.remote.RemoteTestNG.initAndRun(RemoteTestNG.java:251)\r\n\tat org.testng.remote.RemoteTestNG.main(RemoteTestNG.java:77)\r\nCaused by: io.cucumber.core.backend.CucumberBackendException: Failed to invoke public void stepDefinitions.Register.enters_zipcode_into_the_zipcode_field(java.lang.String)\r\n\tat io.cucumber.java.Invoker.doInvoke(Invoker.java:68)\r\n\tat io.cucumber.java.Invoker.invoke(Invoker.java:24)\r\n\tat io.cucumber.java.AbstractGlueDefinition.invokeMethod(AbstractGlueDefinition.java:47)\r\n\tat io.cucumber.java.JavaStepDefinition.execute(JavaStepDefinition.java:29)\r\n\tat io.cucumber.core.runner.CoreStepDefinition.execute(CoreStepDefinition.java:66)\r\n\tat io.cucumber.core.runner.PickleStepDefinitionMatch.runStep(PickleStepDefinitionMatch.java:63)\r\n\t... 38 more\r\nCaused by: java.lang.IllegalArgumentException: argument type mismatch\r\n\tat java.base/jdk.internal.reflect.DirectMethodHandleAccessor.invoke(DirectMethodHandleAccessor.java:108)\r\n\tat java.base/java.lang.reflect.Method.invoke(Method.java:578)\r\n\tat io.cucumber.java.Invoker.doInvoke(Invoker.java:66)\r\n\t... 43 more\r\n","duration":2512400,"status":"failed"},"before":[{"result":{"duration":3606600,"status":"passed"},"match":{"location":"Hooks.MyHooks.set()"}}],"line":14,"name":"Enters Zipcode 225002 into the Zipcode field","match":{"arguments":[{"val":"225002","offset":15}],"location":"stepDefinitions.Register.enters_zipcode_into_the_zipcode_field(java.lang.String)"},"keyword":"And "},{"result":{"status":"skipped"},"before":[{"result":{"status":"skipped"},"match":{"location":"Hooks.MyHooks.set()"}}],"line":15,"name":"Enters phone number 9090909090 into the Phone field","match":{"arguments":[{"val":"9090909090","offset":20}],"location":"stepDefinitions.Register.enters_phone_number_into_the_phone_field(java.lang.String)"},"keyword":"And "},{"result":{"duration":1004700,"status":"skipped"},"before":[{"result":{"status":"skipped"},"match":{"location":"Hooks.MyHooks.set()"}}],"line":16,"name":"Enters SSN 123 into the SSN field","match":{"arguments":[{"val":"123","offset":11}],"location":"stepDefinitions.Register.enters_ssn_into_the_ssn_field(java.lang.String)"},"keyword":"And "},{"result":{"status":"skipped"},"before":[{"result":{"status":"skipped"},"match":{"location":"Hooks.MyHooks.set()"}}],"line":17,"name":"Enters Username \"Narayan\" into Username field","match":{"arguments":[{"val":"\"Narayan\"","offset":16}],"location":"stepDefinitions.Register.enters_username_into_username_field(java.lang.String)"},"keyword":"And "},{"result":{"status":"skipped"},"before":[{"result":{"status":"skipped"},"match":{"location":"Hooks.MyHooks.set()"}}],"line":18,"name":"Enters Password 1010 into Password field","match":{"arguments":[{"val":"1010","offset":16}],"location":"stepDefinitions.Register.enters_password_into_password_field(java.lang.String)"},"keyword":"And "},{"result":{"status":"skipped"},"before":[{"result":{"status":"skipped"},"match":{"location":"Hooks.MyHooks.set()"}}],"line":19,"name":"Enters Confirm 1010 into Confirm field","match":{"arguments":[{"val":"1010","offset":15}],"location":"stepDefinitions.Register.enters_confirm_into_confirm_field(java.lang.String)"},"keyword":"And "},{"result":{"status":"skipped"},"before":[{"result":{"duration":73600,"status":"skipped"},"match":{"location":"Hooks.MyHooks.set()"}}],"line":20,"name":"Clicks on Register button","match":{"location":"stepDefinitions.Register.And_Clicks_on_Register_button()"},"keyword":"And "},{"result":{"status":"skipped"},"before":[{"result":{"status":"skipped"},"match":{"location":"Hooks.MyHooks.set()"}}],"line":21,"name":"Account should get successfully created","match":{"location":"stepDefinitions.Register.account_should_get_successfully_created()"},"keyword":"Then "}],"tags":[{"name":"@all"},{"name":"@register"},{"name":"@mandatoryfields"},{"name":"@smoke"},{"name":"@regression"}]},{"line":4,"name":"","description":"","type":"background","keyword":"Background","steps":[{"result":{"duration":947349600,"status":"passed"},"before":[{"result":{"duration":3002100,"status":"passed"},"match":{"location":"Hooks.MyHooks.set()"}}],"line":5,"name":"User navigated to Register Account page","match":{"location":"stepDefinitions.Register.user_navigated_to_register_account_page()"},"keyword":"Given "}]},{"start_timestamp":"2023-09-04T19:49:18.202Z","before":[{"result":{"duration":7793949500,"status":"passed"},"match":{"location":"Hooks.MyHooks.setup()"}}],"line":24,"name":"Register without providing any fields","description":"","id":"user-registration;register-without-providing-any-fields","after":[{"result":{"duration":490244000,"status":"passed"},"match":{"location":"Hooks.MyHooks.tearDown()"}}],"type":"scenario","keyword":"Scenario","steps":[{"result":{"status":"passed"},"before":[{"result":{"duration":2998700,"status":"passed"},"match":{"location":"Hooks.MyHooks.set()"}}],"line":25,"name":"User dont enter details into any fields","match":{"location":"stepDefinitions.Register.user_dont_enter_details_into_any_fields()"},"keyword":"When "},{"result":{"duration":532668100,"status":"passed"},"before":[{"result":{"duration":8012600,"status":"passed"},"match":{"location":"Hooks.MyHooks.set()"}}],"line":26,"name":"Clicks on Register button","match":{"location":"stepDefinitions.Register.And_Clicks_on_Register_button()"},"keyword":"And "},{"result":{"duration":266457400,"status":"passed"},"before":[{"result":{"duration":6657800,"status":"passed"},"match":{"location":"Hooks.MyHooks.set()"}}],"line":27,"name":"Warning messages should be displayed for all the fields","match":{"location":"stepDefinitions.Register.warning_messages_should_be_displayed_for_all_the_fields()"},"keyword":"Then "}],"tags":[{"name":"@all"},{"name":"@register"},{"name":"@nodetails"},{"name":"@regression"}]},{"line":4,"name":"","description":"","type":"background","keyword":"Background","steps":[{"result":{"duration":1806743100,"status":"passed"},"before":[{"result":{"duration":5157200,"status":"passed"},"match":{"location":"Hooks.MyHooks.set()"}}],"line":5,"name":"User navigated to Register Account page","match":{"location":"stepDefinitions.Register.user_navigated_to_register_account_page()"},"keyword":"Given "}]},{"start_timestamp":"2023-09-04T19:49:28.272Z","before":[{"result":{"duration":4336900800,"status":"passed"},"match":{"location":"Hooks.MyHooks.setup()"}}],"line":30,"name":"Register with duplicate phone number","description":"","id":"user-registration;register-with-duplicate-phone-number","after":[{"result":{"duration":460131800,"status":"passed"},"match":{"location":"Hooks.MyHooks.tearDown()"}}],"type":"scenario","keyword":"Scenario","steps":[{"result":{"duration":91508500,"status":"passed"},"before":[{"result":{"duration":4036000,"status":"passed"},"match":{"location":"Hooks.MyHooks.set()"}}],"line":31,"name":"User enters firstname \"shyam\" into the First Name field","match":{"arguments":[{"val":"\"shyam\"","offset":22}],"location":"stepDefinitions.Register.user_enters_firstname_into_the_first_name_field(java.lang.String)"},"keyword":"When "},{"result":{"duration":49130600,"status":"passed"},"before":[{"result":{"duration":3791100,"status":"passed"},"match":{"location":"Hooks.MyHooks.set()"}}],"line":32,"name":"Enters lastname \"Nara\" into the lastname field","match":{"arguments":[{"val":"\"Nara\"","offset":16}],"location":"stepDefinitions.Register.enters_lastname_into_the_lastname_field(java.lang.String)"},"keyword":"And "},{"result":{"duration":49672800,"status":"passed"},"before":[{"result":{"duration":2609700,"status":"passed"},"match":{"location":"Hooks.MyHooks.set()"}}],"line":33,"name":"Enters Address \"bbk\" into Address field","match":{"arguments":[{"val":"\"bbk\"","offset":15}],"location":"stepDefinitions.Register.enters_address_into_address_field(java.lang.String)"},"keyword":"And "},{"result":{"duration":53408300,"status":"passed"},"before":[{"result":{"duration":2002400,"status":"passed"},"match":{"location":"Hooks.MyHooks.set()"}}],"line":34,"name":"Enters city \"Lucknow\" into city field","match":{"arguments":[{"val":"\"Lucknow\"","offset":12}],"location":"stepDefinitions.Register.enters_city_into_the_city_field(java.lang.String)"},"keyword":"And "},{"result":{"duration":65633100,"status":"passed"},"before":[{"result":{"duration":2002100,"status":"passed"},"match":{"location":"Hooks.MyHooks.set()"}}],"line":35,"name":"Enters State \"Uttar pradesh\" into the State field","match":{"arguments":[{"val":"\"Uttar pradesh\"","offset":13}],"location":"stepDefinitions.Register.enters_state_into_the_state_field(java.lang.String)"},"keyword":"And "},{"result":{"error_message":"io.cucumber.core.exception.CucumberException: Could not invoke step [Enters Zipcode {int} into the Zipcode field] defined at 'stepDefinitions.Register.enters_zipcode_into_the_zipcode_field(java.lang.String)'.\nIt appears there was a problem with the step definition.\nThe converted arguments types were (java.lang.Integer)\r\n\tat io.cucumber.core.runner.PickleStepDefinitionMatch.couldNotInvokeStep(PickleStepDefinitionMatch.java:130)\r\n\tat io.cucumber.core.runner.PickleStepDefinitionMatch.runStep(PickleStepDefinitionMatch.java:65)\r\n\tat io.cucumber.core.runner.ExecutionMode$1.execute(ExecutionMode.java:10)\r\n\tat io.cucumber.core.runner.TestStep.executeStep(TestStep.java:84)\r\n\tat io.cucumber.core.runner.TestStep.run(TestStep.java:56)\r\n\tat io.cucumber.core.runner.PickleStepTestStep.run(PickleStepTestStep.java:51)\r\n\tat io.cucumber.core.runner.TestCase.run(TestCase.java:84)\r\n\tat io.cucumber.core.runner.Runner.runPickle(Runner.java:75)\r\n\tat io.cucumber.testng.TestNGCucumberRunner.lambda$runScenario$1(TestNGCucumberRunner.java:132)\r\n\tat io.cucumber.core.runtime.CucumberExecutionContext.lambda$runTestCase$5(CucumberExecutionContext.java:137)\r\n\tat io.cucumber.core.runtime.RethrowingThrowableCollector.executeAndThrow(RethrowingThrowableCollector.java:23)\r\n\tat io.cucumber.core.runtime.CucumberExecutionContext.runTestCase(CucumberExecutionContext.java:137)\r\n\tat io.cucumber.testng.TestNGCucumberRunner.runScenario(TestNGCucumberRunner.java:129)\r\n\tat io.cucumber.testng.AbstractTestNGCucumberTests.runScenario(AbstractTestNGCucumberTests.java:35)\r\n\tat java.base/jdk.internal.reflect.DirectMethodHandleAccessor.invoke(DirectMethodHandleAccessor.java:104)\r\n\tat java.base/java.lang.reflect.Method.invoke(Method.java:578)\r\n\tat org.testng.internal.invokers.MethodInvocationHelper.invokeMethod(MethodInvocationHelper.java:139)\r\n\tat org.testng.internal.invokers.TestInvoker.invokeMethod(TestInvoker.java:664)\r\n\tat org.testng.internal.invokers.TestInvoker.invokeTestMethod(TestInvoker.java:227)\r\n\tat org.testng.internal.invokers.MethodRunner.runInSequence(MethodRunner.java:50)\r\n\tat org.testng.internal.invokers.TestInvoker$MethodInvocationAgent.invoke(TestInvoker.java:957)\r\n\tat org.testng.internal.invokers.TestInvoker.invokeTestMethods(TestInvoker.java:200)\r\n\tat org.testng.internal.invokers.TestMethodWorker.invokeTestMethods(TestMethodWorker.java:148)\r\n\tat org.testng.internal.invokers.TestMethodWorker.run(TestMethodWorker.java:128)\r\n\tat java.base/java.util.ArrayList.forEach(ArrayList.java:1511)\r\n\tat org.testng.TestRunner.privateRun(TestRunner.java:848)\r\n\tat org.testng.TestRunner.run(TestRunner.java:621)\r\n\tat org.testng.SuiteRunner.runTest(SuiteRunner.java:443)\r\n\tat org.testng.SuiteRunner.runSequentially(SuiteRunner.java:437)\r\n\tat org.testng.SuiteRunner.privateRun(SuiteRunner.java:397)\r\n\tat org.testng.SuiteRunner.run(SuiteRunner.java:336)\r\n\tat org.testng.SuiteRunnerWorker.runSuite(SuiteRunnerWorker.java:52)\r\n\tat org.testng.SuiteRunnerWorker.run(SuiteRunnerWorker.java:95)\r\n\tat org.testng.TestNG.runSuitesSequentially(TestNG.java:1280)\r\n\tat org.testng.TestNG.runSuitesLocally(TestNG.java:1200)\r\n\tat org.testng.TestNG.runSuites(TestNG.java:1114)\r\n\tat org.testng.TestNG.run(TestNG.java:1082)\r\n\tat org.testng.remote.AbstractRemoteTestNG.run(AbstractRemoteTestNG.java:115)\r\n\tat org.testng.remote.RemoteTestNG.initAndRun(RemoteTestNG.java:251)\r\n\tat org.testng.remote.RemoteTestNG.main(RemoteTestNG.java:77)\r\nCaused by: io.cucumber.core.backend.CucumberBackendException: Failed to invoke public void stepDefinitions.Register.enters_zipcode_into_the_zipcode_field(java.lang.String)\r\n\tat io.cucumber.java.Invoker.doInvoke(Invoker.java:68)\r\n\tat io.cucumber.java.Invoker.invoke(Invoker.java:24)\r\n\tat io.cucumber.java.AbstractGlueDefinition.invokeMethod(AbstractGlueDefinition.java:47)\r\n\tat io.cucumber.java.JavaStepDefinition.execute(JavaStepDefinition.java:29)\r\n\tat io.cucumber.core.runner.CoreStepDefinition.execute(CoreStepDefinition.java:66)\r\n\tat io.cucumber.core.runner.PickleStepDefinitionMatch.runStep(PickleStepDefinitionMatch.java:63)\r\n\t... 38 more\r\nCaused by: java.lang.IllegalArgumentException: argument type mismatch\r\n\tat java.base/jdk.internal.reflect.DirectMethodHandleAccessor.invoke(DirectMethodHandleAccessor.java:108)\r\n\tat java.base/java.lang.reflect.Method.invoke(Method.java:578)\r\n\tat io.cucumber.java.Invoker.doInvoke(Invoker.java:66)\r\n\t... 43 more\r\n","duration":1996800,"status":"failed"},"before":[{"result":{"duration":2464000,"status":"passed"},"match":{"location":"Hooks.MyHooks.set()"}}],"line":36,"name":"Enters Zipcode 225002 into the Zipcode field","match":{"arguments":[{"val":"225002","offset":15}],"location":"stepDefinitions.Register.enters_zipcode_into_the_zipcode_field(java.lang.String)"},"keyword":"And "},{"result":{"status":"skipped"},"before":[{"result":{"status":"skipped"},"match":{"location":"Hooks.MyHooks.set()"}}],"line":37,"name":"Enters phone number 7355467233 into the Phone field","match":{"arguments":[{"val":"7355467233","offset":20}],"location":"stepDefinitions.Register.enters_phone_number_into_the_phone_field(java.lang.String)"},"keyword":"And "},{"result":{"status":"skipped"},"before":[{"result":{"duration":1073200,"status":"skipped"},"match":{"location":"Hooks.MyHooks.set()"}}],"line":38,"name":"Enters SSN 321 into the SSN field","match":{"arguments":[{"val":"321","offset":11}],"location":"stepDefinitions.Register.enters_ssn_into_the_ssn_field(java.lang.String)"},"keyword":"And "},{"result":{"status":"skipped"},"before":[{"result":{"status":"skipped"},"match":{"location":"Hooks.MyHooks.set()"}}],"line":39,"name":"Enters Username \"shyamnarayan\" into Username field","match":{"arguments":[{"val":"\"shyamnarayan\"","offset":16}],"location":"stepDefinitions.Register.enters_username_into_username_field(java.lang.String)"},"keyword":"And "},{"result":{"status":"skipped"},"before":[{"result":{"status":"skipped"},"match":{"location":"Hooks.MyHooks.set()"}}],"line":40,"name":"Enters Password 5555 into Password field","match":{"arguments":[{"val":"5555","offset":16}],"location":"stepDefinitions.Register.enters_password_into_password_field(java.lang.String)"},"keyword":"And "},{"result":{"status":"skipped"},"before":[{"result":{"status":"skipped"},"match":{"location":"Hooks.MyHooks.set()"}}],"line":41,"name":"Enters Confirm 5555 into Confirm field","match":{"arguments":[{"val":"5555","offset":15}],"location":"stepDefinitions.Register.enters_confirm_into_confirm_field(java.lang.String)"},"keyword":"And "},{"result":{"status":"skipped"},"before":[{"result":{"status":"skipped"},"match":{"location":"Hooks.MyHooks.set()"}}],"line":42,"name":"Clicks on Register button","match":{"location":"stepDefinitions.Register.And_Clicks_on_Register_button()"},"keyword":"And "},{"result":{"status":"skipped"},"before":[{"result":{"status":"skipped"},"match":{"location":"Hooks.MyHooks.set()"}}],"line":43,"name":"Account should get successfully created","match":{"location":"stepDefinitions.Register.account_should_get_successfully_created()"},"keyword":"Then "}],"tags":[{"name":"@all"},{"name":"@register"},{"name":"@duplicatephonenumber"},{"name":"@regression"}]},{"line":4,"name":"","description":"","type":"background","keyword":"Background","steps":[{"result":{"duration":815105600,"status":"passed"},"before":[{"result":{"duration":10648600,"status":"passed"},"match":{"location":"Hooks.MyHooks.set()"}}],"line":5,"name":"User navigated to Register Account page","match":{"location":"stepDefinitions.Register.user_navigated_to_register_account_page()"},"keyword":"Given "}]},{"start_timestamp":"2023-09-04T19:49:35.232Z","before":[{"result":{"duration":2885688900,"status":"passed"},"match":{"location":"Hooks.MyHooks.setup()"}}],"line":46,"name":"Register with duplicate username","description":"","id":"user-registration;register-with-duplicate-username","after":[{"result":{"duration":417558000,"status":"passed"},"match":{"location":"Hooks.MyHooks.tearDown()"}}],"type":"scenario","keyword":"Scenario","steps":[{"result":{"duration":412707300,"status":"passed"},"before":[{"result":{"duration":2002000,"status":"passed"},"match":{"location":"Hooks.MyHooks.set()"}}],"line":47,"name":"User navigated to Register Account page","match":{"location":"stepDefinitions.Register.user_navigated_to_register_account_page()"},"keyword":"Given "},{"result":{"duration":89626200,"status":"passed"},"before":[{"result":{"duration":5366700,"status":"passed"},"match":{"location":"Hooks.MyHooks.set()"}}],"line":48,"name":"User enters firstname \"pyyam\" into the First Name field","match":{"arguments":[{"val":"\"pyyam\"","offset":22}],"location":"stepDefinitions.Register.user_enters_firstname_into_the_first_name_field(java.lang.String)"},"keyword":"When "},{"result":{"duration":55746100,"status":"passed"},"before":[{"result":{"duration":3003400,"status":"passed"},"match":{"location":"Hooks.MyHooks.set()"}}],"line":49,"name":"Enters lastname \"Naara\" into the lastname field","match":{"arguments":[{"val":"\"Naara\"","offset":16}],"location":"stepDefinitions.Register.enters_lastname_into_the_lastname_field(java.lang.String)"},"keyword":"And "},{"result":{"duration":51187300,"status":"passed"},"before":[{"result":{"duration":1998500,"status":"passed"},"match":{"location":"Hooks.MyHooks.set()"}}],"line":50,"name":"Enters Address \"bbk\" into Address field","match":{"arguments":[{"val":"\"bbk\"","offset":15}],"location":"stepDefinitions.Register.enters_address_into_address_field(java.lang.String)"},"keyword":"And "},{"result":{"duration":51794400,"status":"passed"},"before":[{"result":{"duration":1848800,"status":"passed"},"match":{"location":"Hooks.MyHooks.set()"}}],"line":51,"name":"Enters city \"Lucknow\" into city field","match":{"arguments":[{"val":"\"Lucknow\"","offset":12}],"location":"stepDefinitions.Register.enters_city_into_the_city_field(java.lang.String)"},"keyword":"And "},{"result":{"duration":60835000,"status":"passed"},"before":[{"result":{"duration":1999800,"status":"passed"},"match":{"location":"Hooks.MyHooks.set()"}}],"line":52,"name":"Enters State \"Uttar pradesh\" into the State field","match":{"arguments":[{"val":"\"Uttar pradesh\"","offset":13}],"location":"stepDefinitions.Register.enters_state_into_the_state_field(java.lang.String)"},"keyword":"And "},{"result":{"error_message":"io.cucumber.core.exception.CucumberException: Could not invoke step [Enters Zipcode {int} into the Zipcode field] defined at 'stepDefinitions.Register.enters_zipcode_into_the_zipcode_field(java.lang.String)'.\nIt appears there was a problem with the step definition.\nThe converted arguments types were (java.lang.Integer)\r\n\tat io.cucumber.core.runner.PickleStepDefinitionMatch.couldNotInvokeStep(PickleStepDefinitionMatch.java:130)\r\n\tat io.cucumber.core.runner.PickleStepDefinitionMatch.runStep(PickleStepDefinitionMatch.java:65)\r\n\tat io.cucumber.core.runner.ExecutionMode$1.execute(ExecutionMode.java:10)\r\n\tat io.cucumber.core.runner.TestStep.executeStep(TestStep.java:84)\r\n\tat io.cucumber.core.runner.TestStep.run(TestStep.java:56)\r\n\tat io.cucumber.core.runner.PickleStepTestStep.run(PickleStepTestStep.java:51)\r\n\tat io.cucumber.core.runner.TestCase.run(TestCase.java:84)\r\n\tat io.cucumber.core.runner.Runner.runPickle(Runner.java:75)\r\n\tat io.cucumber.testng.TestNGCucumberRunner.lambda$runScenario$1(TestNGCucumberRunner.java:132)\r\n\tat io.cucumber.core.runtime.CucumberExecutionContext.lambda$runTestCase$5(CucumberExecutionContext.java:137)\r\n\tat io.cucumber.core.runtime.RethrowingThrowableCollector.executeAndThrow(RethrowingThrowableCollector.java:23)\r\n\tat io.cucumber.core.runtime.CucumberExecutionContext.runTestCase(CucumberExecutionContext.java:137)\r\n\tat io.cucumber.testng.TestNGCucumberRunner.runScenario(TestNGCucumberRunner.java:129)\r\n\tat io.cucumber.testng.AbstractTestNGCucumberTests.runScenario(AbstractTestNGCucumberTests.java:35)\r\n\tat java.base/jdk.internal.reflect.DirectMethodHandleAccessor.invoke(DirectMethodHandleAccessor.java:104)\r\n\tat java.base/java.lang.reflect.Method.invoke(Method.java:578)\r\n\tat org.testng.internal.invokers.MethodInvocationHelper.invokeMethod(MethodInvocationHelper.java:139)\r\n\tat org.testng.internal.invokers.TestInvoker.invokeMethod(TestInvoker.java:664)\r\n\tat org.testng.internal.invokers.TestInvoker.invokeTestMethod(TestInvoker.java:227)\r\n\tat org.testng.internal.invokers.MethodRunner.runInSequence(MethodRunner.java:50)\r\n\tat org.testng.internal.invokers.TestInvoker$MethodInvocationAgent.invoke(TestInvoker.java:957)\r\n\tat org.testng.internal.invokers.TestInvoker.invokeTestMethods(TestInvoker.java:200)\r\n\tat org.testng.internal.invokers.TestMethodWorker.invokeTestMethods(TestMethodWorker.java:148)\r\n\tat org.testng.internal.invokers.TestMethodWorker.run(TestMethodWorker.java:128)\r\n\tat java.base/java.util.ArrayList.forEach(ArrayList.java:1511)\r\n\tat org.testng.TestRunner.privateRun(TestRunner.java:848)\r\n\tat org.testng.TestRunner.run(TestRunner.java:621)\r\n\tat org.testng.SuiteRunner.runTest(SuiteRunner.java:443)\r\n\tat org.testng.SuiteRunner.runSequentially(SuiteRunner.java:437)\r\n\tat org.testng.SuiteRunner.privateRun(SuiteRunner.java:397)\r\n\tat org.testng.SuiteRunner.run(SuiteRunner.java:336)\r\n\tat org.testng.SuiteRunnerWorker.runSuite(SuiteRunnerWorker.java:52)\r\n\tat org.testng.SuiteRunnerWorker.run(SuiteRunnerWorker.java:95)\r\n\tat org.testng.TestNG.runSuitesSequentially(TestNG.java:1280)\r\n\tat org.testng.TestNG.runSuitesLocally(TestNG.java:1200)\r\n\tat org.testng.TestNG.runSuites(TestNG.java:1114)\r\n\tat org.testng.TestNG.run(TestNG.java:1082)\r\n\tat org.testng.remote.AbstractRemoteTestNG.run(AbstractRemoteTestNG.java:115)\r\n\tat org.testng.remote.RemoteTestNG.initAndRun(RemoteTestNG.java:251)\r\n\tat org.testng.remote.RemoteTestNG.main(RemoteTestNG.java:77)\r\nCaused by: io.cucumber.core.backend.CucumberBackendException: Failed to invoke public void stepDefinitions.Register.enters_zipcode_into_the_zipcode_field(java.lang.String)\r\n\tat io.cucumber.java.Invoker.doInvoke(Invoker.java:68)\r\n\tat io.cucumber.java.Invoker.invoke(Invoker.java:24)\r\n\tat io.cucumber.java.AbstractGlueDefinition.invokeMethod(AbstractGlueDefinition.java:47)\r\n\tat io.cucumber.java.JavaStepDefinition.execute(JavaStepDefinition.java:29)\r\n\tat io.cucumber.core.runner.CoreStepDefinition.execute(CoreStepDefinition.java:66)\r\n\tat io.cucumber.core.runner.PickleStepDefinitionMatch.runStep(PickleStepDefinitionMatch.java:63)\r\n\t... 38 more\r\nCaused by: java.lang.IllegalArgumentException: argument type mismatch\r\n\tat java.base/jdk.internal.reflect.DirectMethodHandleAccessor.invoke(DirectMethodHandleAccessor.java:108)\r\n\tat java.base/java.lang.reflect.Method.invoke(Method.java:578)\r\n\tat io.cucumber.java.Invoker.doInvoke(Invoker.java:66)\r\n\t... 43 more\r\n","status":"failed"},"before":[{"result":{"duration":997900,"status":"passed"},"match":{"location":"Hooks.MyHooks.set()"}}],"line":53,"name":"Enters Zipcode 225002 into the Zipcode field","match":{"arguments":[{"val":"225002","offset":15}],"location":"stepDefinitions.Register.enters_zipcode_into_the_zipcode_field(java.lang.String)"},"keyword":"And "},{"result":{"status":"skipped"},"before":[{"result":{"status":"skipped"},"match":{"location":"Hooks.MyHooks.set()"}}],"line":54,"name":"Enters phone number 73554672333 into the Phone field","match":{"arguments":[{"val":"73554672333","offset":20}],"location":"stepDefinitions.Register.enters_phone_number_into_the_phone_field(java.lang.String)"},"keyword":"And "},{"result":{"duration":498500,"status":"skipped"},"before":[{"result":{"duration":1023600,"status":"skipped"},"match":{"location":"Hooks.MyHooks.set()"}}],"line":55,"name":"Enters SSN 321 into the SSN field","match":{"arguments":[{"val":"321","offset":11}],"location":"stepDefinitions.Register.enters_ssn_into_the_ssn_field(java.lang.String)"},"keyword":"And "},{"result":{"status":"skipped"},"before":[{"result":{"duration":499000,"status":"skipped"},"match":{"location":"Hooks.MyHooks.set()"}}],"line":56,"name":"Enters Username \"shankhwarsumit\" into Username field","match":{"arguments":[{"val":"\"shankhwarsumit\"","offset":16}],"location":"stepDefinitions.Register.enters_username_into_username_field(java.lang.String)"},"keyword":"And "},{"result":{"status":"skipped"},"before":[{"result":{"status":"skipped"},"match":{"location":"Hooks.MyHooks.set()"}}],"line":57,"name":"Enters Password 5555 into Password field","match":{"arguments":[{"val":"5555","offset":16}],"location":"stepDefinitions.Register.enters_password_into_password_field(java.lang.String)"},"keyword":"And "},{"result":{"duration":840700,"status":"skipped"},"before":[{"result":{"status":"skipped"},"match":{"location":"Hooks.MyHooks.set()"}}],"line":58,"name":"Enters Confirm 5555 into Confirm field","match":{"arguments":[{"val":"5555","offset":15}],"location":"stepDefinitions.Register.enters_confirm_into_confirm_field(java.lang.String)"},"keyword":"And "},{"result":{"status":"skipped"},"before":[{"result":{"status":"skipped"},"match":{"location":"Hooks.MyHooks.set()"}}],"line":59,"name":"Clicks on Register button","match":{"location":"stepDefinitions.Register.And_Clicks_on_Register_button()"},"keyword":"And "},{"result":{"status":"skipped"},"before":[{"result":{"status":"skipped"},"match":{"location":"Hooks.MyHooks.set()"}}],"line":60,"name":"warning message should be displayed","match":{"location":"stepDefinitions.Register.warning_message_should_be_displayed()"},"keyword":"Then "}],"tags":[{"name":"@all"},{"name":"@register"},{"name":"@duplicateusername"},{"name":"@regression"}]}],"name":"User Registration","description":"","id":"user-registration","keyword":"Feature","uri":"file:src/test/resource/features/Register.feature","tags":[{"name":"@all","type":"Tag","location":{"line":1,"column":1}}]}]